<?xml version="1.0" encoding="UTF-8"?>
<!-- Generated by org.testng.reporters.JUnitXMLReporter -->
<testsuite ignored="8" hostname="bhagyameena1" failures="2" tests="20" name="Test" time="1017.359" errors="0" timestamp="09 Feb 2022 15:47:27 GMT">
  <testcase classname="com.selenium.flipkart_automation.tests.LoginPageTest" name="inValidLogIn" time="4.479"/>
  <testcase classname="com.selenium.flipkart_automation.tests.LoginPageTest" name="validLogIn" time="0.406"/>
  <testcase classname="com.selenium.flipkart_automation.tests.LogoutPageTest" name="userLogout" time="29.871"/>
  <testcase classname="com.selenium.flipkart_automation.tests.HomePageTest" name="changePriceByFilter" time="29.573"/>
  <testcase classname="com.selenium.flipkart_automation.tests.HomePageTest" name="checkReviewsAndRating" time="29.524"/>
  <testcase classname="com.selenium.flipkart_automation.tests.HomePageTest" name="clickOnBackToButton" time="425.148"/>
  <testcase classname="com.selenium.flipkart_automation.tests.HomePageTest" name="clickOnNextPageButtons" time="43.107"/>
  <testcase classname="com.selenium.flipkart_automation.tests.HomePageTest" name="logoButtonFunctionality" time="13.046"/>
  <testcase classname="com.selenium.flipkart_automation.tests.HomePageTest" name="searchFunctionality" time="13.801"/>
  <testcase classname="com.selenium.flipkart_automation.tests.HomePageTest" name="sortingFunctionality" time="10.892">
    <failure type="org.openqa.selenium.ElementClickInterceptedException" message="element click intercepted: Element &amp;lt;div class=&amp;quot;_10UF8M _3LsR0e&amp;quot;&amp;gt;...&amp;lt;/div&amp;gt; is not clickable at point (730, 163). Other element would receive the click: &amp;lt;a title=&amp;quot;...&amp;quot; class=&amp;quot;_3QN6WI&amp;quot; href=&amp;quot;/home-furnishing/curtains-accessories/curtains/pr?sid=jra,sl5,2va&amp;amp;amp;marketplace=FLIPKART&amp;amp;amp;otracker=nmenu_sub_Home%20%26%20Furniture_0_Curtains&amp;quot;&amp;gt;Curtains&amp;lt;/a&amp;gt;
  (Session info: chrome=98.0.4758.82)
Build info: version: &amp;apos;3.141.59&amp;apos;, revision: &amp;apos;e82be7d358&amp;apos;, time: &amp;apos;2018-11-14T08:17:03&amp;apos;
System info: host: &amp;apos;BHAGYAMEENA1&amp;apos;, ip: &amp;apos;192.168.1.2&amp;apos;, os.name: &amp;apos;Windows 10&amp;apos;, os.arch: &amp;apos;amd64&amp;apos;, os.version: &amp;apos;10.0&amp;apos;, java.version: &amp;apos;11&amp;apos;
Driver info: org.openqa.selenium.chrome.ChromeDriver
Capabilities {acceptInsecureCerts: false, browserName: chrome, browserVersion: 98.0.4758.82, chrome: {chromedriverVersion: 97.0.4692.71 (adefa7837d02a..., userDataDir: C:\Users\BHAGYA~1\AppData\L...}, goog:chromeOptions: {debuggerAddress: localhost:62364}, javascriptEnabled: true, networkConnectionEnabled: false, pageLoadStrategy: normal, platform: WINDOWS, platformName: WINDOWS, proxy: Proxy(), setWindowRect: true, strictFileInteractability: false, timeouts: {implicit: 0, pageLoad: 300000, script: 30000}, unhandledPromptBehavior: dismiss and notify, webauthn:extension:credBlob: true, webauthn:extension:largeBlob: true, webauthn:virtualAuthenticators: true}
Session ID: d0851c9f7069597cf9df1dc30dc7c11b">
      <![CDATA[org.openqa.selenium.ElementClickInterceptedException: element click intercepted: Element <div class="_10UF8M _3LsR0e">...</div> is not clickable at point (730, 163). Other element would receive the click: <a title="..." class="_3QN6WI" href="/home-furnishing/curtains-accessories/curtains/pr?sid=jra,sl5,2va&amp;marketplace=FLIPKART&amp;otracker=nmenu_sub_Home%20%26%20Furniture_0_Curtains">Curtains</a>
  (Session info: chrome=98.0.4758.82)
Build info: version: '3.141.59', revision: 'e82be7d358', time: '2018-11-14T08:17:03'
System info: host: 'BHAGYAMEENA1', ip: '192.168.1.2', os.name: 'Windows 10', os.arch: 'amd64', os.version: '10.0', java.version: '11'
Driver info: org.openqa.selenium.chrome.ChromeDriver
Capabilities {acceptInsecureCerts: false, browserName: chrome, browserVersion: 98.0.4758.82, chrome: {chromedriverVersion: 97.0.4692.71 (adefa7837d02a..., userDataDir: C:\Users\BHAGYA~1\AppData\L...}, goog:chromeOptions: {debuggerAddress: localhost:62364}, javascriptEnabled: true, networkConnectionEnabled: false, pageLoadStrategy: normal, platform: WINDOWS, platformName: WINDOWS, proxy: Proxy(), setWindowRect: true, strictFileInteractability: false, timeouts: {implicit: 0, pageLoad: 300000, script: 30000}, unhandledPromptBehavior: dismiss and notify, webauthn:extension:credBlob: true, webauthn:extension:largeBlob: true, webauthn:virtualAuthenticators: true}
Session ID: d0851c9f7069597cf9df1dc30dc7c11b
at org.openqa.selenium.remote.http.W3CHttpResponseCodec.createException(W3CHttpResponseCodec.java:187)
at org.openqa.selenium.remote.http.W3CHttpResponseCodec.decode(W3CHttpResponseCodec.java:122)
at org.openqa.selenium.remote.http.W3CHttpResponseCodec.decode(W3CHttpResponseCodec.java:49)
at org.openqa.selenium.remote.HttpCommandExecutor.execute(HttpCommandExecutor.java:158)
at org.openqa.selenium.remote.service.DriverCommandExecutor.execute(DriverCommandExecutor.java:83)
at org.openqa.selenium.remote.RemoteWebDriver.execute(RemoteWebDriver.java:552)
at org.openqa.selenium.remote.RemoteWebElement.execute(RemoteWebElement.java:285)
at org.openqa.selenium.remote.RemoteWebElement.click(RemoteWebElement.java:84)
at org.openqa.selenium.support.pagefactory.internal.LocatingElementHandler.invoke(LocatingElementHandler.java:51)
at com.sun.proxy.$Proxy11.click(Unknown Source)
at com.selenium.flipkart_automation.pages.HomePage.sortProduct(HomePage.java:141)
at com.selenium.flipkart_automation.tests.HomePageTest.sortingFunctionality(HomePageTest.java:100)
... Removed 36 stack frames]]>
    </failure>
  </testcase> <!-- sortingFunctionality -->
  <testcase classname="com.selenium.flipkart_automation.tests.HomePageTest" name="wishlistFunctionality" time="37.135"/>
  <testcase classname="com.selenium.flipkart_automation.tests.ProductPageTest" name="addToCart" time="25.844"/>
  <testcase classname="com.selenium.flipkart_automation.tests.ProductPageTest" name="changeProductSize" time="27.691"/>
  <testcase classname="com.selenium.flipkart_automation.tests.ProductPageTest" name="clickFunctionality" time="21.812"/>
  <testcase classname="com.selenium.flipkart_automation.tests.ProductPageTest" name="clickOnAddToCompare" time="31.251"/>
  <testcase classname="com.selenium.flipkart_automation.tests.ProductPageTest" name="clickOnAskExpertButton" time="32.069"/>
  <testcase classname="com.selenium.flipkart_automation.tests.ProductPageTest" name="removeItemFromCart" time="48.28">
    <failure type="org.openqa.selenium.NoSuchElementException" message="no such element: Unable to locate element: {&amp;quot;method&amp;quot;:&amp;quot;css selector&amp;quot;,&amp;quot;selector&amp;quot;:&amp;quot;._1LCJ1U&amp;quot;}
  (Session info: chrome=98.0.4758.82)
For documentation on this error, please visit: https://www.seleniumhq.org/exceptions/no_such_element.html
Build info: version: &amp;apos;3.141.59&amp;apos;, revision: &amp;apos;e82be7d358&amp;apos;, time: &amp;apos;2018-11-14T08:17:03&amp;apos;
System info: host: &amp;apos;BHAGYAMEENA1&amp;apos;, ip: &amp;apos;192.168.1.2&amp;apos;, os.name: &amp;apos;Windows 10&amp;apos;, os.arch: &amp;apos;amd64&amp;apos;, os.version: &amp;apos;10.0&amp;apos;, java.version: &amp;apos;11&amp;apos;
Driver info: org.openqa.selenium.chrome.ChromeDriver
Capabilities {acceptInsecureCerts: false, browserName: chrome, browserVersion: 98.0.4758.82, chrome: {chromedriverVersion: 97.0.4692.71 (adefa7837d02a..., userDataDir: C:\Users\BHAGYA~1\AppData\L...}, goog:chromeOptions: {debuggerAddress: localhost:62772}, javascriptEnabled: true, networkConnectionEnabled: false, pageLoadStrategy: normal, platform: WINDOWS, platformName: WINDOWS, proxy: Proxy(), setWindowRect: true, strictFileInteractability: false, timeouts: {implicit: 0, pageLoad: 300000, script: 30000}, unhandledPromptBehavior: dismiss and notify, webauthn:extension:credBlob: true, webauthn:extension:largeBlob: true, webauthn:virtualAuthenticators: true}
Session ID: efb5545d7b0772ae4faf7a0a56ccbf76
*** Element info: {Using=class name, value=_1LCJ1U}">
      <![CDATA[org.openqa.selenium.NoSuchElementException: no such element: Unable to locate element: {"method":"css selector","selector":"._1LCJ1U"}
  (Session info: chrome=98.0.4758.82)
For documentation on this error, please visit: https://www.seleniumhq.org/exceptions/no_such_element.html
Build info: version: '3.141.59', revision: 'e82be7d358', time: '2018-11-14T08:17:03'
System info: host: 'BHAGYAMEENA1', ip: '192.168.1.2', os.name: 'Windows 10', os.arch: 'amd64', os.version: '10.0', java.version: '11'
Driver info: org.openqa.selenium.chrome.ChromeDriver
Capabilities {acceptInsecureCerts: false, browserName: chrome, browserVersion: 98.0.4758.82, chrome: {chromedriverVersion: 97.0.4692.71 (adefa7837d02a..., userDataDir: C:\Users\BHAGYA~1\AppData\L...}, goog:chromeOptions: {debuggerAddress: localhost:62772}, javascriptEnabled: true, networkConnectionEnabled: false, pageLoadStrategy: normal, platform: WINDOWS, platformName: WINDOWS, proxy: Proxy(), setWindowRect: true, strictFileInteractability: false, timeouts: {implicit: 0, pageLoad: 300000, script: 30000}, unhandledPromptBehavior: dismiss and notify, webauthn:extension:credBlob: true, webauthn:extension:largeBlob: true, webauthn:virtualAuthenticators: true}
Session ID: efb5545d7b0772ae4faf7a0a56ccbf76
*** Element info: {Using=class name, value=_1LCJ1U}
at org.openqa.selenium.remote.http.W3CHttpResponseCodec.createException(W3CHttpResponseCodec.java:187)
at org.openqa.selenium.remote.http.W3CHttpResponseCodec.decode(W3CHttpResponseCodec.java:122)
at org.openqa.selenium.remote.http.W3CHttpResponseCodec.decode(W3CHttpResponseCodec.java:49)
at org.openqa.selenium.remote.HttpCommandExecutor.execute(HttpCommandExecutor.java:158)
at org.openqa.selenium.remote.service.DriverCommandExecutor.execute(DriverCommandExecutor.java:83)
at org.openqa.selenium.remote.RemoteWebDriver.execute(RemoteWebDriver.java:552)
at org.openqa.selenium.remote.RemoteWebDriver.findElement(RemoteWebDriver.java:323)
at org.openqa.selenium.remote.RemoteWebDriver.findElementByClassName(RemoteWebDriver.java:412)
at org.openqa.selenium.By$ByClassName.findElement(By.java:389)
at org.openqa.selenium.remote.RemoteWebDriver.findElement(RemoteWebDriver.java:315)
at org.openqa.selenium.support.pagefactory.DefaultElementLocator.findElement(DefaultElementLocator.java:69)
at org.openqa.selenium.support.pagefactory.internal.LocatingElementHandler.invoke(LocatingElementHandler.java:38)
at com.sun.proxy.$Proxy11.getText(Unknown Source)
at com.selenium.flipkart_automation.tests.ProductPageTest.removeItemFromCart(ProductPageTest.java:276)
... Removed 33 stack frames]]>
    </failure>
  </testcase> <!-- removeItemFromCart -->
  <testcase classname="com.selenium.flipkart_automation.tests.ProductPageTest" name="saveForLaterItemFromCart" time="32.993"/>
  <testcase classname="com.selenium.flipkart_automation.tests.ProductOrderPageTest" name="clickFunctionality" time="10.041"/>
  <testcase classname="com.selenium.flipkart_automation.tests.ProductOrderPageTest" name="filterByOrderStatus" time="15.136"/>
  <testcase classname="com.selenium.flipkart_automation.tests.BaseTest" name="@AfterTest endReport" time="0.0">
    <ignored/>
  </testcase> <!-- @AfterTest endReport -->
  <testcase classname="com.selenium.flipkart_automation.tests.BaseTest" name="@AfterTest endReport" time="0.0">
    <ignored/>
  </testcase> <!-- @AfterTest endReport -->
  <testcase classname="com.selenium.flipkart_automation.tests.BaseTest" name="@AfterTest endReport" time="0.0">
    <ignored/>
  </testcase> <!-- @AfterTest endReport -->
  <testcase classname="com.selenium.flipkart_automation.tests.BaseTest" name="@AfterTest endReport" time="0.0">
    <ignored/>
  </testcase> <!-- @AfterTest endReport -->
  <testcase classname="com.selenium.flipkart_automation.tests.BaseTest" name="@BeforeTest setExtent" time="0.0">
    <ignored/>
  </testcase> <!-- @BeforeTest setExtent -->
  <testcase classname="com.selenium.flipkart_automation.tests.BaseTest" name="@BeforeTest setExtent" time="0.0">
    <ignored/>
  </testcase> <!-- @BeforeTest setExtent -->
  <testcase classname="com.selenium.flipkart_automation.tests.BaseTest" name="@BeforeTest setExtent" time="0.0">
    <ignored/>
  </testcase> <!-- @BeforeTest setExtent -->
  <testcase classname="com.selenium.flipkart_automation.tests.BaseTest" name="@BeforeTest setExtent" time="0.0">
    <ignored/>
  </testcase> <!-- @BeforeTest setExtent -->
</testsuite> <!-- Test -->
