<?xml version="1.0" encoding="UTF-8"?>
<testng-results ignored="8" total="28" passed="18" failed="2" skipped="0">
  <reporter-output>
  </reporter-output>
  <suite started-at="2022-02-09T15:30:29Z" name="Suite" finished-at="2022-02-09T15:47:26Z" duration-ms="1017359">
    <groups>
      <group name="ProductPage">
        <method signature="ProductPageTest.addToCart()[pri:1, instance:com.selenium.flipkart_automation.tests.ProductPageTest@40dff0b7]" name="addToCart" class="com.selenium.flipkart_automation.tests.ProductPageTest"/>
        <method signature="ProductPageTest.changeProductSize()[pri:1, instance:com.selenium.flipkart_automation.tests.ProductPageTest@40dff0b7]" name="changeProductSize" class="com.selenium.flipkart_automation.tests.ProductPageTest"/>
        <method signature="ProductPageTest.clickFunctionality()[pri:1, instance:com.selenium.flipkart_automation.tests.ProductPageTest@40dff0b7]" name="clickFunctionality" class="com.selenium.flipkart_automation.tests.ProductPageTest"/>
        <method signature="ProductPageTest.clickOnAddToCompare()[pri:1, instance:com.selenium.flipkart_automation.tests.ProductPageTest@40dff0b7]" name="clickOnAddToCompare" class="com.selenium.flipkart_automation.tests.ProductPageTest"/>
        <method signature="ProductPageTest.clickOnAskExpertButton()[pri:1, instance:com.selenium.flipkart_automation.tests.ProductPageTest@40dff0b7]" name="clickOnAskExpertButton" class="com.selenium.flipkart_automation.tests.ProductPageTest"/>
        <method signature="ProductPageTest.removeItemFromCart()[pri:1, instance:com.selenium.flipkart_automation.tests.ProductPageTest@40dff0b7]" name="removeItemFromCart" class="com.selenium.flipkart_automation.tests.ProductPageTest"/>
        <method signature="ProductPageTest.saveForLaterItemFromCart()[pri:1, instance:com.selenium.flipkart_automation.tests.ProductPageTest@40dff0b7]" name="saveForLaterItemFromCart" class="com.selenium.flipkart_automation.tests.ProductPageTest"/>
      </group> <!-- ProductPage -->
      <group name="HomePage">
        <method signature="HomePageTest.changePriceByFilter()[pri:1, instance:com.selenium.flipkart_automation.tests.HomePageTest@53142455]" name="changePriceByFilter" class="com.selenium.flipkart_automation.tests.HomePageTest"/>
        <method signature="HomePageTest.checkReviewsAndRating()[pri:1, instance:com.selenium.flipkart_automation.tests.HomePageTest@53142455]" name="checkReviewsAndRating" class="com.selenium.flipkart_automation.tests.HomePageTest"/>
        <method signature="HomePageTest.clickOnBackToButton()[pri:1, instance:com.selenium.flipkart_automation.tests.HomePageTest@53142455]" name="clickOnBackToButton" class="com.selenium.flipkart_automation.tests.HomePageTest"/>
        <method signature="HomePageTest.clickOnNextPageButtons()[pri:1, instance:com.selenium.flipkart_automation.tests.HomePageTest@53142455]" name="clickOnNextPageButtons" class="com.selenium.flipkart_automation.tests.HomePageTest"/>
        <method signature="HomePageTest.logoButtonFunctionality()[pri:1, instance:com.selenium.flipkart_automation.tests.HomePageTest@53142455]" name="logoButtonFunctionality" class="com.selenium.flipkart_automation.tests.HomePageTest"/>
        <method signature="HomePageTest.searchFunctionality()[pri:1, instance:com.selenium.flipkart_automation.tests.HomePageTest@53142455]" name="searchFunctionality" class="com.selenium.flipkart_automation.tests.HomePageTest"/>
        <method signature="HomePageTest.sortingFunctionality()[pri:1, instance:com.selenium.flipkart_automation.tests.HomePageTest@53142455]" name="sortingFunctionality" class="com.selenium.flipkart_automation.tests.HomePageTest"/>
        <method signature="HomePageTest.wishlistFunctionality()[pri:1, instance:com.selenium.flipkart_automation.tests.HomePageTest@53142455]" name="wishlistFunctionality" class="com.selenium.flipkart_automation.tests.HomePageTest"/>
      </group> <!-- HomePage -->
      <group name="OrderPage">
        <method signature="ProductOrderPageTest.clickFunctionality()[pri:1, instance:com.selenium.flipkart_automation.tests.ProductOrderPageTest@7966baa7]" name="clickFunctionality" class="com.selenium.flipkart_automation.tests.ProductOrderPageTest"/>
        <method signature="ProductOrderPageTest.filterByOrderStatus()[pri:1, instance:com.selenium.flipkart_automation.tests.ProductOrderPageTest@7966baa7]" name="filterByOrderStatus" class="com.selenium.flipkart_automation.tests.ProductOrderPageTest"/>
      </group> <!-- OrderPage -->
      <group name="LogoutPage">
        <method signature="LogoutPageTest.userLogout()[pri:1, instance:com.selenium.flipkart_automation.tests.LogoutPageTest@784c3487]" name="userLogout" class="com.selenium.flipkart_automation.tests.LogoutPageTest"/>
      </group> <!-- LogoutPage -->
      <group name="LoginPage">
        <method signature="LoginPageTest.inValidLogIn()[pri:1, instance:com.selenium.flipkart_automation.tests.LoginPageTest@2dd29a59]" name="inValidLogIn" class="com.selenium.flipkart_automation.tests.LoginPageTest"/>
        <method signature="LoginPageTest.validLogIn()[pri:1, instance:com.selenium.flipkart_automation.tests.LoginPageTest@2dd29a59]" name="validLogIn" class="com.selenium.flipkart_automation.tests.LoginPageTest"/>
      </group> <!-- LoginPage -->
    </groups>
    <test started-at="2022-02-09T15:30:29Z" name="Test" finished-at="2022-02-09T15:47:26Z" duration-ms="1017359">
      <class name="com.selenium.flipkart_automation.tests.ProductPageTest">
        <test-method is-config="true" signature="initializewebdriver()[pri:0, instance:com.selenium.flipkart_automation.tests.ProductPageTest@40dff0b7]" started-at="2022-02-09T15:42:20Z" name="initializewebdriver" finished-at="2022-02-09T15:42:25Z" duration-ms="4736" status="PASS">
          <reporter-output>
          </reporter-output>
        </test-method> <!-- initializewebdriver -->
        <test-method is-config="true" signature="openUrl()[pri:0, instance:com.selenium.flipkart_automation.tests.ProductPageTest@40dff0b7]" started-at="2022-02-09T15:42:25Z" name="openUrl" finished-at="2022-02-09T15:42:26Z" duration-ms="1180" status="PASS">
          <reporter-output>
          </reporter-output>
        </test-method> <!-- openUrl -->
        <test-method signature="addToCart()[pri:1, instance:com.selenium.flipkart_automation.tests.ProductPageTest@40dff0b7]" started-at="2022-02-09T15:42:26Z" name="addToCart" finished-at="2022-02-09T15:42:52Z" duration-ms="25844" status="PASS">
          <reporter-output>
          </reporter-output>
        </test-method> <!-- addToCart -->
        <test-method is-config="true" signature="attachScreenshot(org.testng.ITestResult)[pri:0, instance:com.selenium.flipkart_automation.tests.ProductPageTest@40dff0b7]" started-at="2022-02-09T15:42:52Z" name="attachScreenshot" finished-at="2022-02-09T15:42:52Z" duration-ms="0" status="PASS">
          <params>
            <param index="0">
              <value>
                <![CDATA[[TestResult name=addToCart status=SUCCESS method=ProductPageTest.addToCart()[pri:1, instance:com.selenium.flipkart_automation.tests.ProductPageTest@40dff0b7] output={null}]]]>
              </value>
            </param>
          </params>
          <reporter-output>
          </reporter-output>
        </test-method> <!-- attachScreenshot -->
        <test-method is-config="true" signature="closeBrowser(org.testng.ITestResult)[pri:0, instance:com.selenium.flipkart_automation.tests.ProductPageTest@40dff0b7]" started-at="2022-02-09T15:42:52Z" name="closeBrowser" finished-at="2022-02-09T15:42:53Z" duration-ms="781" status="PASS">
          <params>
            <param index="0">
              <value>
                <![CDATA[[TestResult name=addToCart status=SUCCESS method=ProductPageTest.addToCart()[pri:1, instance:com.selenium.flipkart_automation.tests.ProductPageTest@40dff0b7] output={null}]]]>
              </value>
            </param>
          </params>
          <reporter-output>
          </reporter-output>
        </test-method> <!-- closeBrowser -->
        <test-method is-config="true" signature="initializewebdriver()[pri:0, instance:com.selenium.flipkart_automation.tests.ProductPageTest@40dff0b7]" started-at="2022-02-09T15:42:53Z" name="initializewebdriver" finished-at="2022-02-09T15:42:57Z" duration-ms="4675" status="PASS">
          <reporter-output>
          </reporter-output>
        </test-method> <!-- initializewebdriver -->
        <test-method is-config="true" signature="openUrl()[pri:0, instance:com.selenium.flipkart_automation.tests.ProductPageTest@40dff0b7]" started-at="2022-02-09T15:42:57Z" name="openUrl" finished-at="2022-02-09T15:42:59Z" duration-ms="1293" status="PASS">
          <reporter-output>
          </reporter-output>
        </test-method> <!-- openUrl -->
        <test-method signature="changeProductSize()[pri:1, instance:com.selenium.flipkart_automation.tests.ProductPageTest@40dff0b7]" started-at="2022-02-09T15:42:59Z" name="changeProductSize" finished-at="2022-02-09T15:43:26Z" duration-ms="27691" status="PASS">
          <reporter-output>
          </reporter-output>
        </test-method> <!-- changeProductSize -->
        <test-method is-config="true" signature="attachScreenshot(org.testng.ITestResult)[pri:0, instance:com.selenium.flipkart_automation.tests.ProductPageTest@40dff0b7]" started-at="2022-02-09T15:43:26Z" name="attachScreenshot" finished-at="2022-02-09T15:43:26Z" duration-ms="0" status="PASS">
          <params>
            <param index="0">
              <value>
                <![CDATA[[TestResult name=changeProductSize status=SUCCESS method=ProductPageTest.changeProductSize()[pri:1, instance:com.selenium.flipkart_automation.tests.ProductPageTest@40dff0b7] output={null}]]]>
              </value>
            </param>
          </params>
          <reporter-output>
          </reporter-output>
        </test-method> <!-- attachScreenshot -->
        <test-method is-config="true" signature="closeBrowser(org.testng.ITestResult)[pri:0, instance:com.selenium.flipkart_automation.tests.ProductPageTest@40dff0b7]" started-at="2022-02-09T15:43:26Z" name="closeBrowser" finished-at="2022-02-09T15:43:27Z" duration-ms="768" status="PASS">
          <params>
            <param index="0">
              <value>
                <![CDATA[[TestResult name=changeProductSize status=SUCCESS method=ProductPageTest.changeProductSize()[pri:1, instance:com.selenium.flipkart_automation.tests.ProductPageTest@40dff0b7] output={null}]]]>
              </value>
            </param>
          </params>
          <reporter-output>
          </reporter-output>
        </test-method> <!-- closeBrowser -->
        <test-method is-config="true" signature="initializewebdriver()[pri:0, instance:com.selenium.flipkart_automation.tests.ProductPageTest@40dff0b7]" started-at="2022-02-09T15:43:27Z" name="initializewebdriver" finished-at="2022-02-09T15:43:32Z" duration-ms="4650" status="PASS">
          <reporter-output>
          </reporter-output>
        </test-method> <!-- initializewebdriver -->
        <test-method is-config="true" signature="openUrl()[pri:0, instance:com.selenium.flipkart_automation.tests.ProductPageTest@40dff0b7]" started-at="2022-02-09T15:43:32Z" name="openUrl" finished-at="2022-02-09T15:43:33Z" duration-ms="1143" status="PASS">
          <reporter-output>
          </reporter-output>
        </test-method> <!-- openUrl -->
        <test-method signature="clickFunctionality()[pri:1, instance:com.selenium.flipkart_automation.tests.ProductPageTest@40dff0b7]" started-at="2022-02-09T15:43:33Z" name="clickFunctionality" finished-at="2022-02-09T15:43:55Z" duration-ms="21812" status="PASS">
          <reporter-output>
          </reporter-output>
        </test-method> <!-- clickFunctionality -->
        <test-method is-config="true" signature="attachScreenshot(org.testng.ITestResult)[pri:0, instance:com.selenium.flipkart_automation.tests.ProductPageTest@40dff0b7]" started-at="2022-02-09T15:43:55Z" name="attachScreenshot" finished-at="2022-02-09T15:43:55Z" duration-ms="1" status="PASS">
          <params>
            <param index="0">
              <value>
                <![CDATA[[TestResult name=clickFunctionality status=SUCCESS method=ProductPageTest.clickFunctionality()[pri:1, instance:com.selenium.flipkart_automation.tests.ProductPageTest@40dff0b7] output={null}]]]>
              </value>
            </param>
          </params>
          <reporter-output>
          </reporter-output>
        </test-method> <!-- attachScreenshot -->
        <test-method is-config="true" signature="closeBrowser(org.testng.ITestResult)[pri:0, instance:com.selenium.flipkart_automation.tests.ProductPageTest@40dff0b7]" started-at="2022-02-09T15:43:55Z" name="closeBrowser" finished-at="2022-02-09T15:43:56Z" duration-ms="755" status="PASS">
          <params>
            <param index="0">
              <value>
                <![CDATA[[TestResult name=clickFunctionality status=SUCCESS method=ProductPageTest.clickFunctionality()[pri:1, instance:com.selenium.flipkart_automation.tests.ProductPageTest@40dff0b7] output={null}]]]>
              </value>
            </param>
          </params>
          <reporter-output>
          </reporter-output>
        </test-method> <!-- closeBrowser -->
        <test-method is-config="true" signature="initializewebdriver()[pri:0, instance:com.selenium.flipkart_automation.tests.ProductPageTest@40dff0b7]" started-at="2022-02-09T15:43:56Z" name="initializewebdriver" finished-at="2022-02-09T15:44:00Z" duration-ms="4164" status="PASS">
          <reporter-output>
          </reporter-output>
        </test-method> <!-- initializewebdriver -->
        <test-method is-config="true" signature="openUrl()[pri:0, instance:com.selenium.flipkart_automation.tests.ProductPageTest@40dff0b7]" started-at="2022-02-09T15:44:00Z" name="openUrl" finished-at="2022-02-09T15:44:01Z" duration-ms="1322" status="PASS">
          <reporter-output>
          </reporter-output>
        </test-method> <!-- openUrl -->
        <test-method signature="clickOnAddToCompare()[pri:1, instance:com.selenium.flipkart_automation.tests.ProductPageTest@40dff0b7]" started-at="2022-02-09T15:44:01Z" name="clickOnAddToCompare" finished-at="2022-02-09T15:44:32Z" duration-ms="31251" status="PASS">
          <reporter-output>
          </reporter-output>
        </test-method> <!-- clickOnAddToCompare -->
        <test-method is-config="true" signature="closeBrowser(org.testng.ITestResult)[pri:0, instance:com.selenium.flipkart_automation.tests.ProductPageTest@40dff0b7]" started-at="2022-02-09T15:44:32Z" name="closeBrowser" finished-at="2022-02-09T15:44:33Z" duration-ms="713" status="PASS">
          <params>
            <param index="0">
              <value>
                <![CDATA[[TestResult name=clickOnAddToCompare status=SUCCESS method=ProductPageTest.clickOnAddToCompare()[pri:1, instance:com.selenium.flipkart_automation.tests.ProductPageTest@40dff0b7] output={null}]]]>
              </value>
            </param>
          </params>
          <reporter-output>
          </reporter-output>
        </test-method> <!-- closeBrowser -->
        <test-method is-config="true" signature="attachScreenshot(org.testng.ITestResult)[pri:0, instance:com.selenium.flipkart_automation.tests.ProductPageTest@40dff0b7]" started-at="2022-02-09T15:44:32Z" name="attachScreenshot" finished-at="2022-02-09T15:44:32Z" duration-ms="0" status="PASS">
          <params>
            <param index="0">
              <value>
                <![CDATA[[TestResult name=clickOnAddToCompare status=SUCCESS method=ProductPageTest.clickOnAddToCompare()[pri:1, instance:com.selenium.flipkart_automation.tests.ProductPageTest@40dff0b7] output={null}]]]>
              </value>
            </param>
          </params>
          <reporter-output>
          </reporter-output>
        </test-method> <!-- attachScreenshot -->
        <test-method is-config="true" signature="initializewebdriver()[pri:0, instance:com.selenium.flipkart_automation.tests.ProductPageTest@40dff0b7]" started-at="2022-02-09T15:44:33Z" name="initializewebdriver" finished-at="2022-02-09T15:44:38Z" duration-ms="4763" status="PASS">
          <reporter-output>
          </reporter-output>
        </test-method> <!-- initializewebdriver -->
        <test-method is-config="true" signature="openUrl()[pri:0, instance:com.selenium.flipkart_automation.tests.ProductPageTest@40dff0b7]" started-at="2022-02-09T15:44:38Z" name="openUrl" finished-at="2022-02-09T15:44:39Z" duration-ms="1145" status="PASS">
          <reporter-output>
          </reporter-output>
        </test-method> <!-- openUrl -->
        <test-method signature="clickOnAskExpertButton()[pri:1, instance:com.selenium.flipkart_automation.tests.ProductPageTest@40dff0b7]" started-at="2022-02-09T15:44:39Z" name="clickOnAskExpertButton" finished-at="2022-02-09T15:45:11Z" duration-ms="32069" status="PASS">
          <reporter-output>
          </reporter-output>
        </test-method> <!-- clickOnAskExpertButton -->
        <test-method is-config="true" signature="attachScreenshot(org.testng.ITestResult)[pri:0, instance:com.selenium.flipkart_automation.tests.ProductPageTest@40dff0b7]" started-at="2022-02-09T15:45:11Z" name="attachScreenshot" finished-at="2022-02-09T15:45:11Z" duration-ms="2" status="PASS">
          <params>
            <param index="0">
              <value>
                <![CDATA[[TestResult name=clickOnAskExpertButton status=SUCCESS method=ProductPageTest.clickOnAskExpertButton()[pri:1, instance:com.selenium.flipkart_automation.tests.ProductPageTest@40dff0b7] output={null}]]]>
              </value>
            </param>
          </params>
          <reporter-output>
          </reporter-output>
        </test-method> <!-- attachScreenshot -->
        <test-method is-config="true" signature="closeBrowser(org.testng.ITestResult)[pri:0, instance:com.selenium.flipkart_automation.tests.ProductPageTest@40dff0b7]" started-at="2022-02-09T15:45:11Z" name="closeBrowser" finished-at="2022-02-09T15:45:12Z" duration-ms="799" status="PASS">
          <params>
            <param index="0">
              <value>
                <![CDATA[[TestResult name=clickOnAskExpertButton status=SUCCESS method=ProductPageTest.clickOnAskExpertButton()[pri:1, instance:com.selenium.flipkart_automation.tests.ProductPageTest@40dff0b7] output={null}]]]>
              </value>
            </param>
          </params>
          <reporter-output>
          </reporter-output>
        </test-method> <!-- closeBrowser -->
        <test-method is-config="true" signature="initializewebdriver()[pri:0, instance:com.selenium.flipkart_automation.tests.ProductPageTest@40dff0b7]" started-at="2022-02-09T15:45:12Z" name="initializewebdriver" finished-at="2022-02-09T15:45:16Z" duration-ms="4498" status="PASS">
          <reporter-output>
          </reporter-output>
        </test-method> <!-- initializewebdriver -->
        <test-method is-config="true" signature="openUrl()[pri:0, instance:com.selenium.flipkart_automation.tests.ProductPageTest@40dff0b7]" started-at="2022-02-09T15:45:16Z" name="openUrl" finished-at="2022-02-09T15:45:17Z" duration-ms="1085" status="PASS">
          <reporter-output>
          </reporter-output>
        </test-method> <!-- openUrl -->
        <test-method signature="removeItemFromCart()[pri:1, instance:com.selenium.flipkart_automation.tests.ProductPageTest@40dff0b7]" started-at="2022-02-09T15:45:17Z" name="removeItemFromCart" finished-at="2022-02-09T15:46:06Z" duration-ms="48280" status="FAIL">
          <exception class="org.openqa.selenium.NoSuchElementException">
            <message>
              <![CDATA[no such element: Unable to locate element: {"method":"css selector","selector":"._1LCJ1U"}
  (Session info: chrome=98.0.4758.82)
For documentation on this error, please visit: https://www.seleniumhq.org/exceptions/no_such_element.html
Build info: version: '3.141.59', revision: 'e82be7d358', time: '2018-11-14T08:17:03'
System info: host: 'BHAGYAMEENA1', ip: '192.168.1.2', os.name: 'Windows 10', os.arch: 'amd64', os.version: '10.0', java.version: '11'
Driver info: org.openqa.selenium.chrome.ChromeDriver
Capabilities {acceptInsecureCerts: false, browserName: chrome, browserVersion: 98.0.4758.82, chrome: {chromedriverVersion: 97.0.4692.71 (adefa7837d02a..., userDataDir: C:\Users\BHAGYA~1\AppData\L...}, goog:chromeOptions: {debuggerAddress: localhost:62772}, javascriptEnabled: true, networkConnectionEnabled: false, pageLoadStrategy: normal, platform: WINDOWS, platformName: WINDOWS, proxy: Proxy(), setWindowRect: true, strictFileInteractability: false, timeouts: {implicit: 0, pageLoad: 300000, script: 30000}, unhandledPromptBehavior: dismiss and notify, webauthn:extension:credBlob: true, webauthn:extension:largeBlob: true, webauthn:virtualAuthenticators: true}
Session ID: efb5545d7b0772ae4faf7a0a56ccbf76
*** Element info: {Using=class name, value=_1LCJ1U}]]>
            </message>
            <full-stacktrace>
              <![CDATA[org.openqa.selenium.NoSuchElementException: no such element: Unable to locate element: {"method":"css selector","selector":"._1LCJ1U"}
  (Session info: chrome=98.0.4758.82)
For documentation on this error, please visit: https://www.seleniumhq.org/exceptions/no_such_element.html
Build info: version: '3.141.59', revision: 'e82be7d358', time: '2018-11-14T08:17:03'
System info: host: 'BHAGYAMEENA1', ip: '192.168.1.2', os.name: 'Windows 10', os.arch: 'amd64', os.version: '10.0', java.version: '11'
Driver info: org.openqa.selenium.chrome.ChromeDriver
Capabilities {acceptInsecureCerts: false, browserName: chrome, browserVersion: 98.0.4758.82, chrome: {chromedriverVersion: 97.0.4692.71 (adefa7837d02a..., userDataDir: C:\Users\BHAGYA~1\AppData\L...}, goog:chromeOptions: {debuggerAddress: localhost:62772}, javascriptEnabled: true, networkConnectionEnabled: false, pageLoadStrategy: normal, platform: WINDOWS, platformName: WINDOWS, proxy: Proxy(), setWindowRect: true, strictFileInteractability: false, timeouts: {implicit: 0, pageLoad: 300000, script: 30000}, unhandledPromptBehavior: dismiss and notify, webauthn:extension:credBlob: true, webauthn:extension:largeBlob: true, webauthn:virtualAuthenticators: true}
Session ID: efb5545d7b0772ae4faf7a0a56ccbf76
*** Element info: {Using=class name, value=_1LCJ1U}
at java.base/jdk.internal.reflect.NativeConstructorAccessorImpl.newInstance0(Native Method)
at java.base/jdk.internal.reflect.NativeConstructorAccessorImpl.newInstance(NativeConstructorAccessorImpl.java:62)
at java.base/jdk.internal.reflect.DelegatingConstructorAccessorImpl.newInstance(DelegatingConstructorAccessorImpl.java:45)
at java.base/java.lang.reflect.Constructor.newInstance(Constructor.java:490)
at org.openqa.selenium.remote.http.W3CHttpResponseCodec.createException(W3CHttpResponseCodec.java:187)
at org.openqa.selenium.remote.http.W3CHttpResponseCodec.decode(W3CHttpResponseCodec.java:122)
at org.openqa.selenium.remote.http.W3CHttpResponseCodec.decode(W3CHttpResponseCodec.java:49)
at org.openqa.selenium.remote.HttpCommandExecutor.execute(HttpCommandExecutor.java:158)
at org.openqa.selenium.remote.service.DriverCommandExecutor.execute(DriverCommandExecutor.java:83)
at org.openqa.selenium.remote.RemoteWebDriver.execute(RemoteWebDriver.java:552)
at org.openqa.selenium.remote.RemoteWebDriver.findElement(RemoteWebDriver.java:323)
at org.openqa.selenium.remote.RemoteWebDriver.findElementByClassName(RemoteWebDriver.java:412)
at org.openqa.selenium.By$ByClassName.findElement(By.java:389)
at org.openqa.selenium.remote.RemoteWebDriver.findElement(RemoteWebDriver.java:315)
at org.openqa.selenium.support.pagefactory.DefaultElementLocator.findElement(DefaultElementLocator.java:69)
at org.openqa.selenium.support.pagefactory.internal.LocatingElementHandler.invoke(LocatingElementHandler.java:38)
at com.sun.proxy.$Proxy11.getText(Unknown Source)
at com.selenium.flipkart_automation.tests.ProductPageTest.removeItemFromCart(ProductPageTest.java:276)
at java.base/jdk.internal.reflect.NativeMethodAccessorImpl.invoke0(Native Method)
at java.base/jdk.internal.reflect.NativeMethodAccessorImpl.invoke(NativeMethodAccessorImpl.java:62)
at java.base/jdk.internal.reflect.DelegatingMethodAccessorImpl.invoke(DelegatingMethodAccessorImpl.java:43)
at java.base/java.lang.reflect.Method.invoke(Method.java:566)
at org.testng.internal.MethodInvocationHelper.invokeMethod(MethodInvocationHelper.java:124)
at org.testng.internal.Invoker.invokeMethod(Invoker.java:583)
at org.testng.internal.Invoker.invokeTestMethod(Invoker.java:719)
at org.testng.internal.Invoker.invokeTestMethods(Invoker.java:989)
at org.testng.internal.TestMethodWorker.invokeTestMethods(TestMethodWorker.java:125)
at org.testng.internal.TestMethodWorker.run(TestMethodWorker.java:109)
at org.testng.TestRunner.privateRun(TestRunner.java:648)
at org.testng.TestRunner.run(TestRunner.java:505)
at org.testng.SuiteRunner.runTest(SuiteRunner.java:455)
at org.testng.SuiteRunner.runSequentially(SuiteRunner.java:450)
at org.testng.SuiteRunner.privateRun(SuiteRunner.java:415)
at org.testng.SuiteRunner.run(SuiteRunner.java:364)
at org.testng.SuiteRunnerWorker.runSuite(SuiteRunnerWorker.java:52)
at org.testng.SuiteRunnerWorker.run(SuiteRunnerWorker.java:84)
at org.testng.TestNG.runSuitesSequentially(TestNG.java:1208)
at org.testng.TestNG.runSuitesLocally(TestNG.java:1137)
at org.testng.TestNG.runSuites(TestNG.java:1049)
at org.testng.TestNG.run(TestNG.java:1017)
at org.apache.maven.surefire.testng.TestNGExecutor.run(TestNGExecutor.java:283)
at org.apache.maven.surefire.testng.TestNGXmlTestSuite.execute(TestNGXmlTestSuite.java:75)
at org.apache.maven.surefire.testng.TestNGProvider.invoke(TestNGProvider.java:120)
at org.apache.maven.surefire.booter.ForkedBooter.runSuitesInProcess(ForkedBooter.java:377)
at org.apache.maven.surefire.booter.ForkedBooter.execute(ForkedBooter.java:138)
at org.apache.maven.surefire.booter.ForkedBooter.run(ForkedBooter.java:465)
at org.apache.maven.surefire.booter.ForkedBooter.main(ForkedBooter.java:451)
]]>
            </full-stacktrace>
          </exception> <!-- org.openqa.selenium.NoSuchElementException -->
          <reporter-output>
          </reporter-output>
        </test-method> <!-- removeItemFromCart -->
        <test-method is-config="true" signature="attachScreenshot(org.testng.ITestResult)[pri:0, instance:com.selenium.flipkart_automation.tests.ProductPageTest@40dff0b7]" started-at="2022-02-09T15:46:06Z" name="attachScreenshot" finished-at="2022-02-09T15:46:06Z" duration-ms="308" status="PASS">
          <params>
            <param index="0">
              <value>
                <![CDATA[[TestResult name=removeItemFromCart status=FAILURE method=ProductPageTest.removeItemFromCart()[pri:1, instance:com.selenium.flipkart_automation.tests.ProductPageTest@40dff0b7] output={null}]]]>
              </value>
            </param>
          </params>
          <reporter-output>
          </reporter-output>
        </test-method> <!-- attachScreenshot -->
        <test-method is-config="true" signature="closeBrowser(org.testng.ITestResult)[pri:0, instance:com.selenium.flipkart_automation.tests.ProductPageTest@40dff0b7]" started-at="2022-02-09T15:46:06Z" name="closeBrowser" finished-at="2022-02-09T15:46:07Z" duration-ms="963" status="PASS">
          <params>
            <param index="0">
              <value>
                <![CDATA[[TestResult name=removeItemFromCart status=FAILURE method=ProductPageTest.removeItemFromCart()[pri:1, instance:com.selenium.flipkart_automation.tests.ProductPageTest@40dff0b7] output={null}]]]>
              </value>
            </param>
          </params>
          <reporter-output>
          </reporter-output>
        </test-method> <!-- closeBrowser -->
        <test-method is-config="true" signature="initializewebdriver()[pri:0, instance:com.selenium.flipkart_automation.tests.ProductPageTest@40dff0b7]" started-at="2022-02-09T15:46:07Z" name="initializewebdriver" finished-at="2022-02-09T15:46:14Z" duration-ms="6724" status="PASS">
          <reporter-output>
          </reporter-output>
        </test-method> <!-- initializewebdriver -->
        <test-method is-config="true" signature="openUrl()[pri:0, instance:com.selenium.flipkart_automation.tests.ProductPageTest@40dff0b7]" started-at="2022-02-09T15:46:14Z" name="openUrl" finished-at="2022-02-09T15:46:15Z" duration-ms="1248" status="PASS">
          <reporter-output>
          </reporter-output>
        </test-method> <!-- openUrl -->
        <test-method signature="saveForLaterItemFromCart()[pri:1, instance:com.selenium.flipkart_automation.tests.ProductPageTest@40dff0b7]" started-at="2022-02-09T15:46:15Z" name="saveForLaterItemFromCart" finished-at="2022-02-09T15:46:48Z" duration-ms="32993" status="PASS">
          <reporter-output>
          </reporter-output>
        </test-method> <!-- saveForLaterItemFromCart -->
        <test-method is-config="true" signature="attachScreenshot(org.testng.ITestResult)[pri:0, instance:com.selenium.flipkart_automation.tests.ProductPageTest@40dff0b7]" started-at="2022-02-09T15:46:48Z" name="attachScreenshot" finished-at="2022-02-09T15:46:48Z" duration-ms="0" status="PASS">
          <params>
            <param index="0">
              <value>
                <![CDATA[[TestResult name=saveForLaterItemFromCart status=SUCCESS method=ProductPageTest.saveForLaterItemFromCart()[pri:1, instance:com.selenium.flipkart_automation.tests.ProductPageTest@40dff0b7] output={null}]]]>
              </value>
            </param>
          </params>
          <reporter-output>
          </reporter-output>
        </test-method> <!-- attachScreenshot -->
        <test-method is-config="true" signature="closeBrowser(org.testng.ITestResult)[pri:0, instance:com.selenium.flipkart_automation.tests.ProductPageTest@40dff0b7]" started-at="2022-02-09T15:46:48Z" name="closeBrowser" finished-at="2022-02-09T15:46:49Z" duration-ms="747" status="PASS">
          <params>
            <param index="0">
              <value>
                <![CDATA[[TestResult name=saveForLaterItemFromCart status=SUCCESS method=ProductPageTest.saveForLaterItemFromCart()[pri:1, instance:com.selenium.flipkart_automation.tests.ProductPageTest@40dff0b7] output={null}]]]>
              </value>
            </param>
          </params>
          <reporter-output>
          </reporter-output>
        </test-method> <!-- closeBrowser -->
      </class> <!-- com.selenium.flipkart_automation.tests.ProductPageTest -->
      <class name="com.selenium.flipkart_automation.tests.LogoutPageTest">
        <test-method is-config="true" signature="initializewebdriver()[pri:0, instance:com.selenium.flipkart_automation.tests.LogoutPageTest@784c3487]" started-at="2022-02-09T15:30:51Z" name="initializewebdriver" finished-at="2022-02-09T15:30:55Z" duration-ms="4014" status="PASS">
          <reporter-output>
          </reporter-output>
        </test-method> <!-- initializewebdriver -->
        <test-method is-config="true" signature="openUrl()[pri:0, instance:com.selenium.flipkart_automation.tests.LogoutPageTest@784c3487]" started-at="2022-02-09T15:30:55Z" name="openUrl" finished-at="2022-02-09T15:30:56Z" duration-ms="1220" status="PASS">
          <reporter-output>
          </reporter-output>
        </test-method> <!-- openUrl -->
        <test-method signature="userLogout()[pri:1, instance:com.selenium.flipkart_automation.tests.LogoutPageTest@784c3487]" started-at="2022-02-09T15:30:56Z" name="userLogout" finished-at="2022-02-09T15:31:26Z" duration-ms="29871" status="PASS">
          <reporter-output>
          </reporter-output>
        </test-method> <!-- userLogout -->
        <test-method is-config="true" signature="attachScreenshot(org.testng.ITestResult)[pri:0, instance:com.selenium.flipkart_automation.tests.LogoutPageTest@784c3487]" started-at="2022-02-09T15:31:26Z" name="attachScreenshot" finished-at="2022-02-09T15:31:26Z" duration-ms="1" status="PASS">
          <params>
            <param index="0">
              <value>
                <![CDATA[[TestResult name=userLogout status=SUCCESS method=LogoutPageTest.userLogout()[pri:1, instance:com.selenium.flipkart_automation.tests.LogoutPageTest@784c3487] output={null}]]]>
              </value>
            </param>
          </params>
          <reporter-output>
          </reporter-output>
        </test-method> <!-- attachScreenshot -->
        <test-method is-config="true" signature="closeBrowser(org.testng.ITestResult)[pri:0, instance:com.selenium.flipkart_automation.tests.LogoutPageTest@784c3487]" started-at="2022-02-09T15:31:26Z" name="closeBrowser" finished-at="2022-02-09T15:31:27Z" duration-ms="744" status="PASS">
          <params>
            <param index="0">
              <value>
                <![CDATA[[TestResult name=userLogout status=SUCCESS method=LogoutPageTest.userLogout()[pri:1, instance:com.selenium.flipkart_automation.tests.LogoutPageTest@784c3487] output={null}]]]>
              </value>
            </param>
          </params>
          <reporter-output>
          </reporter-output>
        </test-method> <!-- closeBrowser -->
      </class> <!-- com.selenium.flipkart_automation.tests.LogoutPageTest -->
      <class name="com.selenium.flipkart_automation.tests.LoginPageTest">
        <test-method is-config="true" signature="setExtent()[pri:0, instance:com.selenium.flipkart_automation.tests.LoginPageTest@2dd29a59]" started-at="2022-02-09T15:30:29Z" name="setExtent" finished-at="2022-02-09T15:30:29Z" duration-ms="88" status="PASS">
          <reporter-output>
          </reporter-output>
        </test-method> <!-- setExtent -->
        <test-method is-config="true" signature="initializewebdriver()[pri:0, instance:com.selenium.flipkart_automation.tests.LoginPageTest@2dd29a59]" started-at="2022-02-09T15:30:29Z" name="initializewebdriver" finished-at="2022-02-09T15:30:37Z" duration-ms="8228" status="PASS">
          <reporter-output>
          </reporter-output>
        </test-method> <!-- initializewebdriver -->
        <test-method is-config="true" signature="openUrl()[pri:0, instance:com.selenium.flipkart_automation.tests.LoginPageTest@2dd29a59]" started-at="2022-02-09T15:30:37Z" name="openUrl" finished-at="2022-02-09T15:30:39Z" duration-ms="1102" status="PASS">
          <reporter-output>
          </reporter-output>
        </test-method> <!-- openUrl -->
        <test-method signature="inValidLogIn()[pri:1, instance:com.selenium.flipkart_automation.tests.LoginPageTest@2dd29a59]" started-at="2022-02-09T15:30:39Z" name="inValidLogIn" finished-at="2022-02-09T15:30:43Z" duration-ms="4479" status="PASS">
          <reporter-output>
          </reporter-output>
        </test-method> <!-- inValidLogIn -->
        <test-method is-config="true" signature="attachScreenshot(org.testng.ITestResult)[pri:0, instance:com.selenium.flipkart_automation.tests.LoginPageTest@2dd29a59]" started-at="2022-02-09T15:30:43Z" name="attachScreenshot" finished-at="2022-02-09T15:30:43Z" duration-ms="3" status="PASS">
          <params>
            <param index="0">
              <value>
                <![CDATA[[TestResult name=inValidLogIn status=SUCCESS method=LoginPageTest.inValidLogIn()[pri:1, instance:com.selenium.flipkart_automation.tests.LoginPageTest@2dd29a59] output={null}]]]>
              </value>
            </param>
          </params>
          <reporter-output>
          </reporter-output>
        </test-method> <!-- attachScreenshot -->
        <test-method is-config="true" signature="closeBrowser(org.testng.ITestResult)[pri:0, instance:com.selenium.flipkart_automation.tests.LoginPageTest@2dd29a59]" started-at="2022-02-09T15:30:43Z" name="closeBrowser" finished-at="2022-02-09T15:30:44Z" duration-ms="750" status="PASS">
          <params>
            <param index="0">
              <value>
                <![CDATA[[TestResult name=inValidLogIn status=SUCCESS method=LoginPageTest.inValidLogIn()[pri:1, instance:com.selenium.flipkart_automation.tests.LoginPageTest@2dd29a59] output={null}]]]>
              </value>
            </param>
          </params>
          <reporter-output>
          </reporter-output>
        </test-method> <!-- closeBrowser -->
        <test-method is-config="true" signature="initializewebdriver()[pri:0, instance:com.selenium.flipkart_automation.tests.LoginPageTest@2dd29a59]" started-at="2022-02-09T15:30:44Z" name="initializewebdriver" finished-at="2022-02-09T15:30:48Z" duration-ms="4340" status="PASS">
          <reporter-output>
          </reporter-output>
        </test-method> <!-- initializewebdriver -->
        <test-method is-config="true" signature="openUrl()[pri:0, instance:com.selenium.flipkart_automation.tests.LoginPageTest@2dd29a59]" started-at="2022-02-09T15:30:48Z" name="openUrl" finished-at="2022-02-09T15:30:50Z" duration-ms="1681" status="PASS">
          <reporter-output>
          </reporter-output>
        </test-method> <!-- openUrl -->
        <test-method signature="validLogIn()[pri:1, instance:com.selenium.flipkart_automation.tests.LoginPageTest@2dd29a59]" started-at="2022-02-09T15:30:50Z" name="validLogIn" finished-at="2022-02-09T15:30:50Z" duration-ms="406" status="PASS">
          <reporter-output>
          </reporter-output>
        </test-method> <!-- validLogIn -->
        <test-method is-config="true" signature="attachScreenshot(org.testng.ITestResult)[pri:0, instance:com.selenium.flipkart_automation.tests.LoginPageTest@2dd29a59]" started-at="2022-02-09T15:30:50Z" name="attachScreenshot" finished-at="2022-02-09T15:30:50Z" duration-ms="0" status="PASS">
          <params>
            <param index="0">
              <value>
                <![CDATA[[TestResult name=validLogIn status=SUCCESS method=LoginPageTest.validLogIn()[pri:1, instance:com.selenium.flipkart_automation.tests.LoginPageTest@2dd29a59] output={null}]]]>
              </value>
            </param>
          </params>
          <reporter-output>
          </reporter-output>
        </test-method> <!-- attachScreenshot -->
        <test-method is-config="true" signature="closeBrowser(org.testng.ITestResult)[pri:0, instance:com.selenium.flipkart_automation.tests.LoginPageTest@2dd29a59]" started-at="2022-02-09T15:30:50Z" name="closeBrowser" finished-at="2022-02-09T15:30:51Z" duration-ms="722" status="PASS">
          <params>
            <param index="0">
              <value>
                <![CDATA[[TestResult name=validLogIn status=SUCCESS method=LoginPageTest.validLogIn()[pri:1, instance:com.selenium.flipkart_automation.tests.LoginPageTest@2dd29a59] output={null}]]]>
              </value>
            </param>
          </params>
          <reporter-output>
          </reporter-output>
        </test-method> <!-- closeBrowser -->
        <test-method is-config="true" signature="endReport()[pri:0, instance:com.selenium.flipkart_automation.tests.LoginPageTest@2dd29a59]" started-at="2022-02-09T15:47:26Z" name="endReport" finished-at="2022-02-09T15:47:26Z" duration-ms="384" status="PASS">
          <reporter-output>
          </reporter-output>
        </test-method> <!-- endReport -->
      </class> <!-- com.selenium.flipkart_automation.tests.LoginPageTest -->
      <class name="com.selenium.flipkart_automation.tests.HomePageTest">
        <test-method is-config="true" signature="initializewebdriver()[pri:0, instance:com.selenium.flipkart_automation.tests.HomePageTest@53142455]" started-at="2022-02-09T15:31:27Z" name="initializewebdriver" finished-at="2022-02-09T15:31:33Z" duration-ms="6472" status="PASS">
          <reporter-output>
          </reporter-output>
        </test-method> <!-- initializewebdriver -->
        <test-method is-config="true" signature="openUrl()[pri:0, instance:com.selenium.flipkart_automation.tests.HomePageTest@53142455]" started-at="2022-02-09T15:31:33Z" name="openUrl" finished-at="2022-02-09T15:31:34Z" duration-ms="1133" status="PASS">
          <reporter-output>
          </reporter-output>
        </test-method> <!-- openUrl -->
        <test-method signature="changePriceByFilter()[pri:1, instance:com.selenium.flipkart_automation.tests.HomePageTest@53142455]" started-at="2022-02-09T15:31:34Z" name="changePriceByFilter" finished-at="2022-02-09T15:32:04Z" duration-ms="29573" status="PASS">
          <reporter-output>
          </reporter-output>
        </test-method> <!-- changePriceByFilter -->
        <test-method is-config="true" signature="attachScreenshot(org.testng.ITestResult)[pri:0, instance:com.selenium.flipkart_automation.tests.HomePageTest@53142455]" started-at="2022-02-09T15:32:04Z" name="attachScreenshot" finished-at="2022-02-09T15:32:04Z" duration-ms="1" status="PASS">
          <params>
            <param index="0">
              <value>
                <![CDATA[[TestResult name=changePriceByFilter status=SUCCESS method=HomePageTest.changePriceByFilter()[pri:1, instance:com.selenium.flipkart_automation.tests.HomePageTest@53142455] output={null}]]]>
              </value>
            </param>
          </params>
          <reporter-output>
          </reporter-output>
        </test-method> <!-- attachScreenshot -->
        <test-method is-config="true" signature="closeBrowser(org.testng.ITestResult)[pri:0, instance:com.selenium.flipkart_automation.tests.HomePageTest@53142455]" started-at="2022-02-09T15:32:04Z" name="closeBrowser" finished-at="2022-02-09T15:32:05Z" duration-ms="722" status="PASS">
          <params>
            <param index="0">
              <value>
                <![CDATA[[TestResult name=changePriceByFilter status=SUCCESS method=HomePageTest.changePriceByFilter()[pri:1, instance:com.selenium.flipkart_automation.tests.HomePageTest@53142455] output={null}]]]>
              </value>
            </param>
          </params>
          <reporter-output>
          </reporter-output>
        </test-method> <!-- closeBrowser -->
        <test-method is-config="true" signature="initializewebdriver()[pri:0, instance:com.selenium.flipkart_automation.tests.HomePageTest@53142455]" started-at="2022-02-09T15:32:05Z" name="initializewebdriver" finished-at="2022-02-09T15:32:09Z" duration-ms="4716" status="PASS">
          <reporter-output>
          </reporter-output>
        </test-method> <!-- initializewebdriver -->
        <test-method is-config="true" signature="openUrl()[pri:0, instance:com.selenium.flipkart_automation.tests.HomePageTest@53142455]" started-at="2022-02-09T15:32:09Z" name="openUrl" finished-at="2022-02-09T15:32:11Z" duration-ms="1163" status="PASS">
          <reporter-output>
          </reporter-output>
        </test-method> <!-- openUrl -->
        <test-method signature="checkReviewsAndRating()[pri:1, instance:com.selenium.flipkart_automation.tests.HomePageTest@53142455]" started-at="2022-02-09T15:32:11Z" name="checkReviewsAndRating" finished-at="2022-02-09T15:32:40Z" duration-ms="29524" status="PASS">
          <reporter-output>
          </reporter-output>
        </test-method> <!-- checkReviewsAndRating -->
        <test-method is-config="true" signature="closeBrowser(org.testng.ITestResult)[pri:0, instance:com.selenium.flipkart_automation.tests.HomePageTest@53142455]" started-at="2022-02-09T15:32:40Z" name="closeBrowser" finished-at="2022-02-09T15:32:41Z" duration-ms="721" status="PASS">
          <params>
            <param index="0">
              <value>
                <![CDATA[[TestResult name=checkReviewsAndRating status=SUCCESS method=HomePageTest.checkReviewsAndRating()[pri:1, instance:com.selenium.flipkart_automation.tests.HomePageTest@53142455] output={null}]]]>
              </value>
            </param>
          </params>
          <reporter-output>
          </reporter-output>
        </test-method> <!-- closeBrowser -->
        <test-method is-config="true" signature="attachScreenshot(org.testng.ITestResult)[pri:0, instance:com.selenium.flipkart_automation.tests.HomePageTest@53142455]" started-at="2022-02-09T15:32:40Z" name="attachScreenshot" finished-at="2022-02-09T15:32:40Z" duration-ms="0" status="PASS">
          <params>
            <param index="0">
              <value>
                <![CDATA[[TestResult name=checkReviewsAndRating status=SUCCESS method=HomePageTest.checkReviewsAndRating()[pri:1, instance:com.selenium.flipkart_automation.tests.HomePageTest@53142455] output={null}]]]>
              </value>
            </param>
          </params>
          <reporter-output>
          </reporter-output>
        </test-method> <!-- attachScreenshot -->
        <test-method is-config="true" signature="initializewebdriver()[pri:0, instance:com.selenium.flipkart_automation.tests.HomePageTest@53142455]" started-at="2022-02-09T15:32:41Z" name="initializewebdriver" finished-at="2022-02-09T15:32:45Z" duration-ms="4163" status="PASS">
          <reporter-output>
          </reporter-output>
        </test-method> <!-- initializewebdriver -->
        <test-method is-config="true" signature="openUrl()[pri:0, instance:com.selenium.flipkart_automation.tests.HomePageTest@53142455]" started-at="2022-02-09T15:32:45Z" name="openUrl" finished-at="2022-02-09T15:32:46Z" duration-ms="972" status="PASS">
          <reporter-output>
          </reporter-output>
        </test-method> <!-- openUrl -->
        <test-method signature="clickOnBackToButton()[pri:1, instance:com.selenium.flipkart_automation.tests.HomePageTest@53142455]" started-at="2022-02-09T15:32:46Z" name="clickOnBackToButton" finished-at="2022-02-09T15:39:51Z" duration-ms="425148" status="PASS">
          <reporter-output>
          </reporter-output>
        </test-method> <!-- clickOnBackToButton -->
        <test-method is-config="true" signature="attachScreenshot(org.testng.ITestResult)[pri:0, instance:com.selenium.flipkart_automation.tests.HomePageTest@53142455]" started-at="2022-02-09T15:39:51Z" name="attachScreenshot" finished-at="2022-02-09T15:39:51Z" duration-ms="0" status="PASS">
          <params>
            <param index="0">
              <value>
                <![CDATA[[TestResult name=clickOnBackToButton status=SUCCESS method=HomePageTest.clickOnBackToButton()[pri:1, instance:com.selenium.flipkart_automation.tests.HomePageTest@53142455] output={null}]]]>
              </value>
            </param>
          </params>
          <reporter-output>
          </reporter-output>
        </test-method> <!-- attachScreenshot -->
        <test-method is-config="true" signature="closeBrowser(org.testng.ITestResult)[pri:0, instance:com.selenium.flipkart_automation.tests.HomePageTest@53142455]" started-at="2022-02-09T15:39:51Z" name="closeBrowser" finished-at="2022-02-09T15:39:52Z" duration-ms="773" status="PASS">
          <params>
            <param index="0">
              <value>
                <![CDATA[[TestResult name=clickOnBackToButton status=SUCCESS method=HomePageTest.clickOnBackToButton()[pri:1, instance:com.selenium.flipkart_automation.tests.HomePageTest@53142455] output={null}]]]>
              </value>
            </param>
          </params>
          <reporter-output>
          </reporter-output>
        </test-method> <!-- closeBrowser -->
        <test-method is-config="true" signature="initializewebdriver()[pri:0, instance:com.selenium.flipkart_automation.tests.HomePageTest@53142455]" started-at="2022-02-09T15:39:52Z" name="initializewebdriver" finished-at="2022-02-09T15:39:56Z" duration-ms="4374" status="PASS">
          <reporter-output>
          </reporter-output>
        </test-method> <!-- initializewebdriver -->
        <test-method is-config="true" signature="openUrl()[pri:0, instance:com.selenium.flipkart_automation.tests.HomePageTest@53142455]" started-at="2022-02-09T15:39:56Z" name="openUrl" finished-at="2022-02-09T15:39:57Z" duration-ms="1096" status="PASS">
          <reporter-output>
          </reporter-output>
        </test-method> <!-- openUrl -->
        <test-method signature="clickOnNextPageButtons()[pri:1, instance:com.selenium.flipkart_automation.tests.HomePageTest@53142455]" started-at="2022-02-09T15:39:57Z" name="clickOnNextPageButtons" finished-at="2022-02-09T15:40:40Z" duration-ms="43107" status="PASS">
          <reporter-output>
          </reporter-output>
        </test-method> <!-- clickOnNextPageButtons -->
        <test-method is-config="true" signature="closeBrowser(org.testng.ITestResult)[pri:0, instance:com.selenium.flipkart_automation.tests.HomePageTest@53142455]" started-at="2022-02-09T15:40:40Z" name="closeBrowser" finished-at="2022-02-09T15:40:41Z" duration-ms="692" status="PASS">
          <params>
            <param index="0">
              <value>
                <![CDATA[[TestResult name=clickOnNextPageButtons status=SUCCESS method=HomePageTest.clickOnNextPageButtons()[pri:1, instance:com.selenium.flipkart_automation.tests.HomePageTest@53142455] output={null}]]]>
              </value>
            </param>
          </params>
          <reporter-output>
          </reporter-output>
        </test-method> <!-- closeBrowser -->
        <test-method is-config="true" signature="attachScreenshot(org.testng.ITestResult)[pri:0, instance:com.selenium.flipkart_automation.tests.HomePageTest@53142455]" started-at="2022-02-09T15:40:40Z" name="attachScreenshot" finished-at="2022-02-09T15:40:40Z" duration-ms="0" status="PASS">
          <params>
            <param index="0">
              <value>
                <![CDATA[[TestResult name=clickOnNextPageButtons status=SUCCESS method=HomePageTest.clickOnNextPageButtons()[pri:1, instance:com.selenium.flipkart_automation.tests.HomePageTest@53142455] output={null}]]]>
              </value>
            </param>
          </params>
          <reporter-output>
          </reporter-output>
        </test-method> <!-- attachScreenshot -->
        <test-method is-config="true" signature="initializewebdriver()[pri:0, instance:com.selenium.flipkart_automation.tests.HomePageTest@53142455]" started-at="2022-02-09T15:40:41Z" name="initializewebdriver" finished-at="2022-02-09T15:40:45Z" duration-ms="3930" status="PASS">
          <reporter-output>
          </reporter-output>
        </test-method> <!-- initializewebdriver -->
        <test-method is-config="true" signature="openUrl()[pri:0, instance:com.selenium.flipkart_automation.tests.HomePageTest@53142455]" started-at="2022-02-09T15:40:45Z" name="openUrl" finished-at="2022-02-09T15:40:46Z" duration-ms="1059" status="PASS">
          <reporter-output>
          </reporter-output>
        </test-method> <!-- openUrl -->
        <test-method signature="logoButtonFunctionality()[pri:1, instance:com.selenium.flipkart_automation.tests.HomePageTest@53142455]" started-at="2022-02-09T15:40:46Z" name="logoButtonFunctionality" finished-at="2022-02-09T15:40:59Z" duration-ms="13046" status="PASS">
          <reporter-output>
          </reporter-output>
        </test-method> <!-- logoButtonFunctionality -->
        <test-method is-config="true" signature="closeBrowser(org.testng.ITestResult)[pri:0, instance:com.selenium.flipkart_automation.tests.HomePageTest@53142455]" started-at="2022-02-09T15:40:59Z" name="closeBrowser" finished-at="2022-02-09T15:41:00Z" duration-ms="795" status="PASS">
          <params>
            <param index="0">
              <value>
                <![CDATA[[TestResult name=logoButtonFunctionality status=SUCCESS method=HomePageTest.logoButtonFunctionality()[pri:1, instance:com.selenium.flipkart_automation.tests.HomePageTest@53142455] output={null}]]]>
              </value>
            </param>
          </params>
          <reporter-output>
          </reporter-output>
        </test-method> <!-- closeBrowser -->
        <test-method is-config="true" signature="attachScreenshot(org.testng.ITestResult)[pri:0, instance:com.selenium.flipkart_automation.tests.HomePageTest@53142455]" started-at="2022-02-09T15:40:59Z" name="attachScreenshot" finished-at="2022-02-09T15:40:59Z" duration-ms="0" status="PASS">
          <params>
            <param index="0">
              <value>
                <![CDATA[[TestResult name=logoButtonFunctionality status=SUCCESS method=HomePageTest.logoButtonFunctionality()[pri:1, instance:com.selenium.flipkart_automation.tests.HomePageTest@53142455] output={null}]]]>
              </value>
            </param>
          </params>
          <reporter-output>
          </reporter-output>
        </test-method> <!-- attachScreenshot -->
        <test-method is-config="true" signature="initializewebdriver()[pri:0, instance:com.selenium.flipkart_automation.tests.HomePageTest@53142455]" started-at="2022-02-09T15:41:00Z" name="initializewebdriver" finished-at="2022-02-09T15:41:04Z" duration-ms="4142" status="PASS">
          <reporter-output>
          </reporter-output>
        </test-method> <!-- initializewebdriver -->
        <test-method is-config="true" signature="openUrl()[pri:0, instance:com.selenium.flipkart_automation.tests.HomePageTest@53142455]" started-at="2022-02-09T15:41:04Z" name="openUrl" finished-at="2022-02-09T15:41:05Z" duration-ms="1057" status="PASS">
          <reporter-output>
          </reporter-output>
        </test-method> <!-- openUrl -->
        <test-method signature="searchFunctionality()[pri:1, instance:com.selenium.flipkart_automation.tests.HomePageTest@53142455]" started-at="2022-02-09T15:41:05Z" name="searchFunctionality" finished-at="2022-02-09T15:41:19Z" duration-ms="13801" status="PASS">
          <reporter-output>
          </reporter-output>
        </test-method> <!-- searchFunctionality -->
        <test-method is-config="true" signature="attachScreenshot(org.testng.ITestResult)[pri:0, instance:com.selenium.flipkart_automation.tests.HomePageTest@53142455]" started-at="2022-02-09T15:41:19Z" name="attachScreenshot" finished-at="2022-02-09T15:41:19Z" duration-ms="0" status="PASS">
          <params>
            <param index="0">
              <value>
                <![CDATA[[TestResult name=searchFunctionality status=SUCCESS method=HomePageTest.searchFunctionality()[pri:1, instance:com.selenium.flipkart_automation.tests.HomePageTest@53142455] output={null}]]]>
              </value>
            </param>
          </params>
          <reporter-output>
          </reporter-output>
        </test-method> <!-- attachScreenshot -->
        <test-method is-config="true" signature="closeBrowser(org.testng.ITestResult)[pri:0, instance:com.selenium.flipkart_automation.tests.HomePageTest@53142455]" started-at="2022-02-09T15:41:19Z" name="closeBrowser" finished-at="2022-02-09T15:41:20Z" duration-ms="769" status="PASS">
          <params>
            <param index="0">
              <value>
                <![CDATA[[TestResult name=searchFunctionality status=SUCCESS method=HomePageTest.searchFunctionality()[pri:1, instance:com.selenium.flipkart_automation.tests.HomePageTest@53142455] output={null}]]]>
              </value>
            </param>
          </params>
          <reporter-output>
          </reporter-output>
        </test-method> <!-- closeBrowser -->
        <test-method is-config="true" signature="initializewebdriver()[pri:0, instance:com.selenium.flipkart_automation.tests.HomePageTest@53142455]" started-at="2022-02-09T15:41:20Z" name="initializewebdriver" finished-at="2022-02-09T15:41:24Z" duration-ms="4108" status="PASS">
          <reporter-output>
          </reporter-output>
        </test-method> <!-- initializewebdriver -->
        <test-method is-config="true" signature="openUrl()[pri:0, instance:com.selenium.flipkart_automation.tests.HomePageTest@53142455]" started-at="2022-02-09T15:41:24Z" name="openUrl" finished-at="2022-02-09T15:41:25Z" duration-ms="1163" status="PASS">
          <reporter-output>
          </reporter-output>
        </test-method> <!-- openUrl -->
        <test-method signature="sortingFunctionality()[pri:1, instance:com.selenium.flipkart_automation.tests.HomePageTest@53142455]" started-at="2022-02-09T15:41:25Z" name="sortingFunctionality" finished-at="2022-02-09T15:41:36Z" duration-ms="10892" status="FAIL">
          <exception class="org.openqa.selenium.ElementClickInterceptedException">
            <message>
              <![CDATA[element click intercepted: Element <div class="_10UF8M _3LsR0e">...</div> is not clickable at point (730, 163). Other element would receive the click: <a title="..." class="_3QN6WI" href="/home-furnishing/curtains-accessories/curtains/pr?sid=jra,sl5,2va&amp;marketplace=FLIPKART&amp;otracker=nmenu_sub_Home%20%26%20Furniture_0_Curtains">Curtains</a>
  (Session info: chrome=98.0.4758.82)
Build info: version: '3.141.59', revision: 'e82be7d358', time: '2018-11-14T08:17:03'
System info: host: 'BHAGYAMEENA1', ip: '192.168.1.2', os.name: 'Windows 10', os.arch: 'amd64', os.version: '10.0', java.version: '11'
Driver info: org.openqa.selenium.chrome.ChromeDriver
Capabilities {acceptInsecureCerts: false, browserName: chrome, browserVersion: 98.0.4758.82, chrome: {chromedriverVersion: 97.0.4692.71 (adefa7837d02a..., userDataDir: C:\Users\BHAGYA~1\AppData\L...}, goog:chromeOptions: {debuggerAddress: localhost:62364}, javascriptEnabled: true, networkConnectionEnabled: false, pageLoadStrategy: normal, platform: WINDOWS, platformName: WINDOWS, proxy: Proxy(), setWindowRect: true, strictFileInteractability: false, timeouts: {implicit: 0, pageLoad: 300000, script: 30000}, unhandledPromptBehavior: dismiss and notify, webauthn:extension:credBlob: true, webauthn:extension:largeBlob: true, webauthn:virtualAuthenticators: true}
Session ID: d0851c9f7069597cf9df1dc30dc7c11b]]>
            </message>
            <full-stacktrace>
              <![CDATA[org.openqa.selenium.ElementClickInterceptedException: element click intercepted: Element <div class="_10UF8M _3LsR0e">...</div> is not clickable at point (730, 163). Other element would receive the click: <a title="..." class="_3QN6WI" href="/home-furnishing/curtains-accessories/curtains/pr?sid=jra,sl5,2va&amp;marketplace=FLIPKART&amp;otracker=nmenu_sub_Home%20%26%20Furniture_0_Curtains">Curtains</a>
  (Session info: chrome=98.0.4758.82)
Build info: version: '3.141.59', revision: 'e82be7d358', time: '2018-11-14T08:17:03'
System info: host: 'BHAGYAMEENA1', ip: '192.168.1.2', os.name: 'Windows 10', os.arch: 'amd64', os.version: '10.0', java.version: '11'
Driver info: org.openqa.selenium.chrome.ChromeDriver
Capabilities {acceptInsecureCerts: false, browserName: chrome, browserVersion: 98.0.4758.82, chrome: {chromedriverVersion: 97.0.4692.71 (adefa7837d02a..., userDataDir: C:\Users\BHAGYA~1\AppData\L...}, goog:chromeOptions: {debuggerAddress: localhost:62364}, javascriptEnabled: true, networkConnectionEnabled: false, pageLoadStrategy: normal, platform: WINDOWS, platformName: WINDOWS, proxy: Proxy(), setWindowRect: true, strictFileInteractability: false, timeouts: {implicit: 0, pageLoad: 300000, script: 30000}, unhandledPromptBehavior: dismiss and notify, webauthn:extension:credBlob: true, webauthn:extension:largeBlob: true, webauthn:virtualAuthenticators: true}
Session ID: d0851c9f7069597cf9df1dc30dc7c11b
at java.base/jdk.internal.reflect.NativeConstructorAccessorImpl.newInstance0(Native Method)
at java.base/jdk.internal.reflect.NativeConstructorAccessorImpl.newInstance(NativeConstructorAccessorImpl.java:62)
at java.base/jdk.internal.reflect.DelegatingConstructorAccessorImpl.newInstance(DelegatingConstructorAccessorImpl.java:45)
at java.base/java.lang.reflect.Constructor.newInstance(Constructor.java:490)
at org.openqa.selenium.remote.http.W3CHttpResponseCodec.createException(W3CHttpResponseCodec.java:187)
at org.openqa.selenium.remote.http.W3CHttpResponseCodec.decode(W3CHttpResponseCodec.java:122)
at org.openqa.selenium.remote.http.W3CHttpResponseCodec.decode(W3CHttpResponseCodec.java:49)
at org.openqa.selenium.remote.HttpCommandExecutor.execute(HttpCommandExecutor.java:158)
at org.openqa.selenium.remote.service.DriverCommandExecutor.execute(DriverCommandExecutor.java:83)
at org.openqa.selenium.remote.RemoteWebDriver.execute(RemoteWebDriver.java:552)
at org.openqa.selenium.remote.RemoteWebElement.execute(RemoteWebElement.java:285)
at org.openqa.selenium.remote.RemoteWebElement.click(RemoteWebElement.java:84)
at jdk.internal.reflect.GeneratedMethodAccessor7.invoke(Unknown Source)
at java.base/jdk.internal.reflect.DelegatingMethodAccessorImpl.invoke(DelegatingMethodAccessorImpl.java:43)
at java.base/java.lang.reflect.Method.invoke(Method.java:566)
at org.openqa.selenium.support.pagefactory.internal.LocatingElementHandler.invoke(LocatingElementHandler.java:51)
at com.sun.proxy.$Proxy11.click(Unknown Source)
at com.selenium.flipkart_automation.pages.HomePage.sortProduct(HomePage.java:141)
at com.selenium.flipkart_automation.tests.HomePageTest.sortingFunctionality(HomePageTest.java:100)
at java.base/jdk.internal.reflect.NativeMethodAccessorImpl.invoke0(Native Method)
at java.base/jdk.internal.reflect.NativeMethodAccessorImpl.invoke(NativeMethodAccessorImpl.java:62)
at java.base/jdk.internal.reflect.DelegatingMethodAccessorImpl.invoke(DelegatingMethodAccessorImpl.java:43)
at java.base/java.lang.reflect.Method.invoke(Method.java:566)
at org.testng.internal.MethodInvocationHelper.invokeMethod(MethodInvocationHelper.java:124)
at org.testng.internal.Invoker.invokeMethod(Invoker.java:583)
at org.testng.internal.Invoker.invokeTestMethod(Invoker.java:719)
at org.testng.internal.Invoker.invokeTestMethods(Invoker.java:989)
at org.testng.internal.TestMethodWorker.invokeTestMethods(TestMethodWorker.java:125)
at org.testng.internal.TestMethodWorker.run(TestMethodWorker.java:109)
at org.testng.TestRunner.privateRun(TestRunner.java:648)
at org.testng.TestRunner.run(TestRunner.java:505)
at org.testng.SuiteRunner.runTest(SuiteRunner.java:455)
at org.testng.SuiteRunner.runSequentially(SuiteRunner.java:450)
at org.testng.SuiteRunner.privateRun(SuiteRunner.java:415)
at org.testng.SuiteRunner.run(SuiteRunner.java:364)
at org.testng.SuiteRunnerWorker.runSuite(SuiteRunnerWorker.java:52)
at org.testng.SuiteRunnerWorker.run(SuiteRunnerWorker.java:84)
at org.testng.TestNG.runSuitesSequentially(TestNG.java:1208)
at org.testng.TestNG.runSuitesLocally(TestNG.java:1137)
at org.testng.TestNG.runSuites(TestNG.java:1049)
at org.testng.TestNG.run(TestNG.java:1017)
at org.apache.maven.surefire.testng.TestNGExecutor.run(TestNGExecutor.java:283)
at org.apache.maven.surefire.testng.TestNGXmlTestSuite.execute(TestNGXmlTestSuite.java:75)
at org.apache.maven.surefire.testng.TestNGProvider.invoke(TestNGProvider.java:120)
at org.apache.maven.surefire.booter.ForkedBooter.runSuitesInProcess(ForkedBooter.java:377)
at org.apache.maven.surefire.booter.ForkedBooter.execute(ForkedBooter.java:138)
at org.apache.maven.surefire.booter.ForkedBooter.run(ForkedBooter.java:465)
at org.apache.maven.surefire.booter.ForkedBooter.main(ForkedBooter.java:451)
]]>
            </full-stacktrace>
          </exception> <!-- org.openqa.selenium.ElementClickInterceptedException -->
          <reporter-output>
          </reporter-output>
        </test-method> <!-- sortingFunctionality -->
        <test-method is-config="true" signature="attachScreenshot(org.testng.ITestResult)[pri:0, instance:com.selenium.flipkart_automation.tests.HomePageTest@53142455]" started-at="2022-02-09T15:41:36Z" name="attachScreenshot" finished-at="2022-02-09T15:41:36Z" duration-ms="226" status="PASS">
          <params>
            <param index="0">
              <value>
                <![CDATA[[TestResult name=sortingFunctionality status=FAILURE method=HomePageTest.sortingFunctionality()[pri:1, instance:com.selenium.flipkart_automation.tests.HomePageTest@53142455] output={null}]]]>
              </value>
            </param>
          </params>
          <reporter-output>
          </reporter-output>
        </test-method> <!-- attachScreenshot -->
        <test-method is-config="true" signature="closeBrowser(org.testng.ITestResult)[pri:0, instance:com.selenium.flipkart_automation.tests.HomePageTest@53142455]" started-at="2022-02-09T15:41:36Z" name="closeBrowser" finished-at="2022-02-09T15:41:37Z" duration-ms="919" status="PASS">
          <params>
            <param index="0">
              <value>
                <![CDATA[[TestResult name=sortingFunctionality status=FAILURE method=HomePageTest.sortingFunctionality()[pri:1, instance:com.selenium.flipkart_automation.tests.HomePageTest@53142455] output={null}]]]>
              </value>
            </param>
          </params>
          <reporter-output>
          </reporter-output>
        </test-method> <!-- closeBrowser -->
        <test-method is-config="true" signature="initializewebdriver()[pri:0, instance:com.selenium.flipkart_automation.tests.HomePageTest@53142455]" started-at="2022-02-09T15:41:37Z" name="initializewebdriver" finished-at="2022-02-09T15:41:41Z" duration-ms="4198" status="PASS">
          <reporter-output>
          </reporter-output>
        </test-method> <!-- initializewebdriver -->
        <test-method is-config="true" signature="openUrl()[pri:0, instance:com.selenium.flipkart_automation.tests.HomePageTest@53142455]" started-at="2022-02-09T15:41:41Z" name="openUrl" finished-at="2022-02-09T15:41:42Z" duration-ms="1109" status="PASS">
          <reporter-output>
          </reporter-output>
        </test-method> <!-- openUrl -->
        <test-method signature="wishlistFunctionality()[pri:1, instance:com.selenium.flipkart_automation.tests.HomePageTest@53142455]" started-at="2022-02-09T15:41:42Z" name="wishlistFunctionality" finished-at="2022-02-09T15:42:20Z" duration-ms="37135" status="PASS">
          <reporter-output>
          </reporter-output>
        </test-method> <!-- wishlistFunctionality -->
        <test-method is-config="true" signature="closeBrowser(org.testng.ITestResult)[pri:0, instance:com.selenium.flipkart_automation.tests.HomePageTest@53142455]" started-at="2022-02-09T15:42:20Z" name="closeBrowser" finished-at="2022-02-09T15:42:20Z" duration-ms="692" status="PASS">
          <params>
            <param index="0">
              <value>
                <![CDATA[[TestResult name=wishlistFunctionality status=SUCCESS method=HomePageTest.wishlistFunctionality()[pri:1, instance:com.selenium.flipkart_automation.tests.HomePageTest@53142455] output={null}]]]>
              </value>
            </param>
          </params>
          <reporter-output>
          </reporter-output>
        </test-method> <!-- closeBrowser -->
        <test-method is-config="true" signature="attachScreenshot(org.testng.ITestResult)[pri:0, instance:com.selenium.flipkart_automation.tests.HomePageTest@53142455]" started-at="2022-02-09T15:42:20Z" name="attachScreenshot" finished-at="2022-02-09T15:42:20Z" duration-ms="0" status="PASS">
          <params>
            <param index="0">
              <value>
                <![CDATA[[TestResult name=wishlistFunctionality status=SUCCESS method=HomePageTest.wishlistFunctionality()[pri:1, instance:com.selenium.flipkart_automation.tests.HomePageTest@53142455] output={null}]]]>
              </value>
            </param>
          </params>
          <reporter-output>
          </reporter-output>
        </test-method> <!-- attachScreenshot -->
      </class> <!-- com.selenium.flipkart_automation.tests.HomePageTest -->
      <class name="com.selenium.flipkart_automation.tests.ProductOrderPageTest">
        <test-method is-config="true" signature="initializewebdriver()[pri:0, instance:com.selenium.flipkart_automation.tests.ProductOrderPageTest@7966baa7]" started-at="2022-02-09T15:46:49Z" name="initializewebdriver" finished-at="2022-02-09T15:46:53Z" duration-ms="4357" status="PASS">
          <reporter-output>
          </reporter-output>
        </test-method> <!-- initializewebdriver -->
        <test-method is-config="true" signature="openUrl()[pri:0, instance:com.selenium.flipkart_automation.tests.ProductOrderPageTest@7966baa7]" started-at="2022-02-09T15:46:53Z" name="openUrl" finished-at="2022-02-09T15:46:54Z" duration-ms="1130" status="PASS">
          <reporter-output>
          </reporter-output>
        </test-method> <!-- openUrl -->
        <test-method signature="clickFunctionality()[pri:1, instance:com.selenium.flipkart_automation.tests.ProductOrderPageTest@7966baa7]" started-at="2022-02-09T15:46:54Z" name="clickFunctionality" finished-at="2022-02-09T15:47:04Z" duration-ms="10041" status="PASS">
          <reporter-output>
          </reporter-output>
        </test-method> <!-- clickFunctionality -->
        <test-method is-config="true" signature="attachScreenshot(org.testng.ITestResult)[pri:0, instance:com.selenium.flipkart_automation.tests.ProductOrderPageTest@7966baa7]" started-at="2022-02-09T15:47:04Z" name="attachScreenshot" finished-at="2022-02-09T15:47:04Z" duration-ms="0" status="PASS">
          <params>
            <param index="0">
              <value>
                <![CDATA[[TestResult name=clickFunctionality status=SUCCESS method=ProductOrderPageTest.clickFunctionality()[pri:1, instance:com.selenium.flipkart_automation.tests.ProductOrderPageTest@7966baa7] output={null}]]]>
              </value>
            </param>
          </params>
          <reporter-output>
          </reporter-output>
        </test-method> <!-- attachScreenshot -->
        <test-method is-config="true" signature="closeBrowser(org.testng.ITestResult)[pri:0, instance:com.selenium.flipkart_automation.tests.ProductOrderPageTest@7966baa7]" started-at="2022-02-09T15:47:04Z" name="closeBrowser" finished-at="2022-02-09T15:47:05Z" duration-ms="744" status="PASS">
          <params>
            <param index="0">
              <value>
                <![CDATA[[TestResult name=clickFunctionality status=SUCCESS method=ProductOrderPageTest.clickFunctionality()[pri:1, instance:com.selenium.flipkart_automation.tests.ProductOrderPageTest@7966baa7] output={null}]]]>
              </value>
            </param>
          </params>
          <reporter-output>
          </reporter-output>
        </test-method> <!-- closeBrowser -->
        <test-method is-config="true" signature="initializewebdriver()[pri:0, instance:com.selenium.flipkart_automation.tests.ProductOrderPageTest@7966baa7]" started-at="2022-02-09T15:47:05Z" name="initializewebdriver" finished-at="2022-02-09T15:47:09Z" duration-ms="4249" status="PASS">
          <reporter-output>
          </reporter-output>
        </test-method> <!-- initializewebdriver -->
        <test-method is-config="true" signature="openUrl()[pri:0, instance:com.selenium.flipkart_automation.tests.ProductOrderPageTest@7966baa7]" started-at="2022-02-09T15:47:09Z" name="openUrl" finished-at="2022-02-09T15:47:10Z" duration-ms="1052" status="PASS">
          <reporter-output>
          </reporter-output>
        </test-method> <!-- openUrl -->
        <test-method signature="filterByOrderStatus()[pri:1, instance:com.selenium.flipkart_automation.tests.ProductOrderPageTest@7966baa7]" started-at="2022-02-09T15:47:10Z" name="filterByOrderStatus" finished-at="2022-02-09T15:47:25Z" duration-ms="15136" status="PASS">
          <reporter-output>
          </reporter-output>
        </test-method> <!-- filterByOrderStatus -->
        <test-method is-config="true" signature="closeBrowser(org.testng.ITestResult)[pri:0, instance:com.selenium.flipkart_automation.tests.ProductOrderPageTest@7966baa7]" started-at="2022-02-09T15:47:25Z" name="closeBrowser" finished-at="2022-02-09T15:47:26Z" duration-ms="777" status="PASS">
          <params>
            <param index="0">
              <value>
                <![CDATA[[TestResult name=filterByOrderStatus status=SUCCESS method=ProductOrderPageTest.filterByOrderStatus()[pri:1, instance:com.selenium.flipkart_automation.tests.ProductOrderPageTest@7966baa7] output={null}]]]>
              </value>
            </param>
          </params>
          <reporter-output>
          </reporter-output>
        </test-method> <!-- closeBrowser -->
        <test-method is-config="true" signature="attachScreenshot(org.testng.ITestResult)[pri:0, instance:com.selenium.flipkart_automation.tests.ProductOrderPageTest@7966baa7]" started-at="2022-02-09T15:47:25Z" name="attachScreenshot" finished-at="2022-02-09T15:47:25Z" duration-ms="0" status="PASS">
          <params>
            <param index="0">
              <value>
                <![CDATA[[TestResult name=filterByOrderStatus status=SUCCESS method=ProductOrderPageTest.filterByOrderStatus()[pri:1, instance:com.selenium.flipkart_automation.tests.ProductOrderPageTest@7966baa7] output={null}]]]>
              </value>
            </param>
          </params>
          <reporter-output>
          </reporter-output>
        </test-method> <!-- attachScreenshot -->
      </class> <!-- com.selenium.flipkart_automation.tests.ProductOrderPageTest -->
    </test> <!-- Test -->
  </suite> <!-- Suite -->
</testng-results>
